This is pdfTeX, Version 3.141592653-2.6-1.40.24 (MiKTeX 21.12.10) (preloaded format=pdflatex 2022.1.25)  26 JAN 2022 21:49
entering extended mode
 \write18 enabled.
 file:line:error style messages enabled.
 %&-line parsing enabled.
**c:/Users/rmora/Documents/GitHub/capstone/docs/main.tex
(c:/Users/rmora/Documents/GitHub/capstone/docs/main.tex
LaTeX2e <2021-11-15> patch level 1
L3 programming layer <2022-01-21> (C:\Users\rmora\AppData\Local\Programs\MiKTeX\tex/latex/base\report.cls
Document Class: report 2021/10/04 v1.4n Standard LaTeX document class
(C:\Users\rmora\AppData\Local\Programs\MiKTeX\tex/latex/base\size10.clo
File: size10.clo 2021/10/04 v1.4n Standard LaTeX file (size option)
)
\c@part=\count185
\c@chapter=\count186
\c@section=\count187
\c@subsection=\count188
\c@subsubsection=\count189
\c@paragraph=\count190
\c@subparagraph=\count191
\c@figure=\count192
\c@table=\count193
\abovecaptionskip=\skip47
\belowcaptionskip=\skip48
\bibindent=\dimen138
) (C:\Users\rmora\AppData\Local\Programs\MiKTeX\tex/latex/base\inputenc.sty
Package: inputenc 2021/02/14 v1.3d Input encoding file
\inpenc@prehook=\toks16
\inpenc@posthook=\toks17
) (C:\Users\rmora\AppData\Local\Programs\MiKTeX\tex/latex/tools\indentfirst.sty
Package: indentfirst 1995/11/23 v1.03 Indent first paragraph (DPC)
) (C:\Users\rmora\AppData\Local\Programs\MiKTeX\tex/latex/xcolor\xcolor.sty
Package: xcolor 2021/10/31 v2.13 LaTeX color extensions (UK)
 (C:\Users\rmora\AppData\Local\Programs\MiKTeX\tex/latex/graphics-cfg\color.cfg
File: color.cfg 2016/01/02 v1.6 sample color configuration
)
Package xcolor Info: Driver file: pdftex.def on input line 227.
 (C:\Users\rmora\AppData\Local\Programs\MiKTeX\tex/latex/graphics-def\pdftex.def
File: pdftex.def 2020/10/05 v1.2a Graphics/color driver for pdftex
)
Package xcolor Info: Model `cmy' substituted by `cmy0' on input line 1352.
Package xcolor Info: Model `hsb' substituted by `rgb' on input line 1356.
Package xcolor Info: Model `RGB' extended on input line 1368.
Package xcolor Info: Model `HTML' substituted by `rgb' on input line 1370.
Package xcolor Info: Model `Hsb' substituted by `hsb' on input line 1371.
Package xcolor Info: Model `tHsb' substituted by `hsb' on input line 1372.
Package xcolor Info: Model `HSB' substituted by `hsb' on input line 1373.
Package xcolor Info: Model `Gray' substituted by `gray' on input line 1374.
Package xcolor Info: Model `wave' substituted by `hsb' on input line 1375.
) (C:\Users\rmora\AppData\Local\Programs\MiKTeX\tex/latex/minted\minted.sty
Package: minted 2021/12/24 v2.6 Yet another Pygments shim for LaTeX
 (C:\Users\rmora\AppData\Local\Programs\MiKTeX\tex/latex/graphics\keyval.sty
Package: keyval 2014/10/28 v1.15 key=value parser (DPC)
\KV@toks@=\toks18
) (C:\Users\rmora\AppData\Local\Programs\MiKTeX\tex/latex/kvoptions\kvoptions.sty
Package: kvoptions 2020-10-07 v3.14 Key value format for package options (HO)
 (C:\Users\rmora\AppData\Local\Programs\MiKTeX\tex/generic/ltxcmds\ltxcmds.sty
Package: ltxcmds 2020-05-10 v1.25 LaTeX kernel commands for general use (HO)
) (C:\Users\rmora\AppData\Local\Programs\MiKTeX\tex/generic/kvsetkeys\kvsetkeys.sty
Package: kvsetkeys 2019/12/15 v1.18 Key value parser (HO)
)) (C:\Users\rmora\AppData\Local\Programs\MiKTeX\tex/latex/fvextra\fvextra.sty
Package: fvextra 2019/02/04 v1.4 fvextra - extensions and patches for fancyvrb
 (C:\Users\rmora\AppData\Local\Programs\MiKTeX\tex/latex/base\ifthen.sty
Package: ifthen 2020/11/24 v1.1c Standard LaTeX ifthen package (DPC)
) (C:\Users\rmora\AppData\Local\Programs\MiKTeX\tex/latex/etoolbox\etoolbox.sty
Package: etoolbox 2020/10/05 v2.5k e-TeX tools for LaTeX (JAW)
\etb@tempcnta=\count194
) (C:\Users\rmora\AppData\Local\Programs\MiKTeX\tex/latex/fancyvrb\fancyvrb.sty
Package: fancyvrb 2021/12/21 4.1b verbatim text (tvz,hv)
\FV@CodeLineNo=\count195
\FV@InFile=\read2
\FV@TabBox=\box50
\c@FancyVerbLine=\count196
\FV@StepNumber=\count197
\FV@OutFile=\write3
) (C:\Users\rmora\AppData\Local\Programs\MiKTeX\tex/latex/upquote\upquote.sty
Package: upquote 2012/04/19 v1.3 upright-quote and grave-accent glyphs in verbatim
) (C:\Users\rmora\AppData\Local\Programs\MiKTeX\tex/latex/lineno\lineno.sty
Package: lineno 2005/11/02 line numbers on paragraphs v4.41
\linenopenalty=\count198
\output=\toks19
\linenoprevgraf=\count199
\linenumbersep=\dimen139
\linenumberwidth=\dimen140
\c@linenumber=\count266
\c@pagewiselinenumber=\count267
\c@LN@truepage=\count268
\c@internallinenumber=\count269
\c@internallinenumbers=\count270
\quotelinenumbersep=\dimen141
\bframerule=\dimen142
\bframesep=\dimen143
\bframebox=\box51
LaTeX Info: Redefining \\ on input line 3056.
)
\c@FV@TrueTabGroupLevel=\count271
\c@FV@TrueTabCounter=\count272
\FV@TabBox@Group=\box52
\FV@TmpLength=\skip49
\c@FV@HighlightLinesStart=\count273
\c@FV@HighlightLinesStop=\count274
\FV@LoopCount=\count275
\FV@NCharsBox=\box53
\FV@BreakIndent=\dimen144
\FV@BreakIndentNChars=\count276
\FV@BreakSymbolSepLeft=\dimen145
\FV@BreakSymbolSepLeftNChars=\count277
\FV@BreakSymbolSepRight=\dimen146
\FV@BreakSymbolSepRightNChars=\count278
\FV@BreakSymbolIndentLeft=\dimen147
\FV@BreakSymbolIndentLeftNChars=\count279
\FV@BreakSymbolIndentRight=\dimen148
\FV@BreakSymbolIndentRightNChars=\count280
\c@FancyVerbLineBreakLast=\count281
\FV@LineBox=\box54
\FV@LineIndentBox=\box55
\FV@LineWidth=\dimen149
) (C:\Users\rmora\AppData\Local\Programs\MiKTeX\tex/latex/tools\calc.sty
Package: calc 2017/05/25 v4.3 Infix arithmetic (KKT,FJ)
\calc@Acount=\count282
\calc@Bcount=\count283
\calc@Adimen=\dimen150
\calc@Bdimen=\dimen151
\calc@Askip=\skip50
\calc@Bskip=\skip51
LaTeX Info: Redefining \setlength on input line 80.
LaTeX Info: Redefining \addtolength on input line 81.
\calc@Ccount=\count284
\calc@Cskip=\skip52
) (C:\Users\rmora\AppData\Local\Programs\MiKTeX\tex/latex/tools\shellesc.sty
Package: shellesc 2019/11/08 v1.0c unified shell escape interface for LaTeX
Package shellesc Info: Unrestricted shell escape enabled on input line 75.
) (C:\Users\rmora\AppData\Local\Programs\MiKTeX\tex/latex/ifplatform\ifplatform.sty
Package: ifplatform 2017/10/13 v0.4a Testing for the operating system
 (C:\Users\rmora\AppData\Local\Programs\MiKTeX\tex/generic/pdftexcmds\pdftexcmds.sty
Package: pdftexcmds 2020-06-27 v0.33 Utility functions of pdfTeX for LuaTeX (HO)
 (C:\Users\rmora\AppData\Local\Programs\MiKTeX\tex/generic/infwarerr\infwarerr.sty
Package: infwarerr 2019/12/03 v1.5 Providing info/warning/error messages (HO)
) (C:\Users\rmora\AppData\Local\Programs\MiKTeX\tex/generic/iftex\iftex.sty
Package: iftex 2020/03/06 v1.0d TeX engine tests
)
Package pdftexcmds Info: \pdf@primitive is available.
Package pdftexcmds Info: \pdf@ifprimitive is available.
Package pdftexcmds Info: \pdfdraftmode found.
) (C:\Users\rmora\AppData\Local\Programs\MiKTeX\tex/generic/catchfile\catchfile.sty
Package: catchfile 2019/12/09 v1.8 Catch the contents of a file (HO)
 (C:\Users\rmora\AppData\Local\Programs\MiKTeX\tex/generic/etexcmds\etexcmds.sty
Package: etexcmds 2019/12/15 v1.7 Avoid name clashes with e-TeX commands (HO)
)) (C:\Users\rmora\AppData\Local\Programs\MiKTeX\tex/generic/iftex\ifluatex.sty
Package: ifluatex 2019/10/25 v1.5 ifluatex legacy package. Use iftex instead.
)) (C:\Users\rmora\AppData\Local\Programs\MiKTeX\tex/latex/xstring\xstring.sty (C:\Users\rmora\AppData\Local\Programs\MiKTeX\tex/generic/xstring\xstring.tex
\integerpart=\count285
\decimalpart=\count286
)
Package: xstring 2021/07/21 v1.84 String manipulations (CT)
) (C:\Users\rmora\AppData\Local\Programs\MiKTeX\tex/latex/framed\framed.sty
Package: framed 2011/10/22 v 0.96: framed or shaded text with page breaks
\OuterFrameSep=\skip53
\fb@frw=\dimen152
\fb@frh=\dimen153
\FrameRule=\dimen154
\FrameSep=\dimen155
) (C:\Users\rmora\AppData\Local\Programs\MiKTeX\tex/latex/float\float.sty
Package: float 2001/11/08 v1.3d Float enhancements (AL)
\c@float@type=\count287
\float@exts=\toks20
\float@box=\box56
\@float@everytoks=\toks21
\@floatcapt=\box57
)
\minted@appexistsfile=\read3
\minted@bgbox=\box58
\minted@code=\write4
\c@minted@FancyVerbLineTemp=\count288
\c@minted@pygmentizecounter=\count289
\@float@every@listing=\toks22
\c@listing=\count290
)
runsystem(if not exist _minted-main mkdir _minted-main)...executed.

runsystem(for ^%i in (pygmentize.exe pygmentize.bat pygmentize.cmd) do set > main.aex <nul: /p x=^%~$PATH:i>> main.aex)...executed.

runsystem(del main.aex)...executed.

 (C:\Users\rmora\AppData\Local\Programs\MiKTeX\tex/latex/l3backend\l3backend-pdftex.def
File: l3backend-pdftex.def 2022-01-12 L3 backend support: PDF output (pdfTeX)
\l__color_backend_stack_int=\count291
\l__pdf_internal_box=\box59
) (main.aux (ch_intro.aux) (ch_types_interfaces.aux) (ch_values.aux) (ch_functions.aux) (ch_algorithms.aux) (ch_testing.aux))
\openout1 = `main.aux'.

LaTeX Font Info:    Checking defaults for OML/cmm/m/it on input line 14.
LaTeX Font Info:    ... okay on input line 14.
LaTeX Font Info:    Checking defaults for OMS/cmsy/m/n on input line 14.
LaTeX Font Info:    ... okay on input line 14.
LaTeX Font Info:    Checking defaults for OT1/cmr/m/n on input line 14.
LaTeX Font Info:    ... okay on input line 14.
LaTeX Font Info:    Checking defaults for T1/cmr/m/n on input line 14.
LaTeX Font Info:    ... okay on input line 14.
LaTeX Font Info:    Checking defaults for TS1/cmr/m/n on input line 14.
LaTeX Font Info:    ... okay on input line 14.
LaTeX Font Info:    Checking defaults for OMX/cmex/m/n on input line 14.
LaTeX Font Info:    ... okay on input line 14.
LaTeX Font Info:    Checking defaults for U/cmr/m/n on input line 14.
LaTeX Font Info:    ... okay on input line 14.
 (C:\Users\rmora\AppData\Local\Programs\MiKTeX\tex/context/base/mkii\supp-pdf.mkii
[Loading MPS to PDF converter (version 2006.09.02).]
\scratchcounter=\count292
\scratchdimen=\dimen156
\scratchbox=\box60
\nofMPsegments=\count293
\nofMParguments=\count294
\everyMPshowfont=\toks23
\MPscratchCnt=\count295
\MPscratchDim=\dimen157
\MPnumerator=\count296
\makeMPintoPDFobject=\count297
\everyMPtoPDFconversion=\toks24
)
LaTeX Font Info:    External font `cmex10' loaded for size
(Font)              <12> on input line 16.
LaTeX Font Info:    External font `cmex10' loaded for size
(Font)              <8> on input line 16.
LaTeX Font Info:    External font `cmex10' loaded for size
(Font)              <6> on input line 16.
 [1

{C:/Users/rmora/AppData/Local/MiKTeX/fonts/map/pdftex/pdftex.map}] (main.toc
LaTeX Font Info:    External font `cmex10' loaded for size
(Font)              <7> on input line 2.
LaTeX Font Info:    External font `cmex10' loaded for size
(Font)              <5> on input line 2.
)
\tf@toc=\write5
\openout5 = `main.toc'.

 [1

]
\openout2 = `ch_intro.aux'.

 (ch_intro.tex
Chapter 1.

Overfull \hbox (11.33406pt too wide) in paragraph at lines 7--8
[]\OT1/cmr/m/n/10 Typescript is a strongly typed pro-gram-ming lan-guage that builds on JavaScript.
 []

) [2


]
\openout2 = `ch_types_interfaces.aux'.

 (ch_types_interfaces.tex
Chapter 2.
\openout3 = `main.pyg'.

(_minted-main/rainbow_dash.pygstyle) (_minted-main/64E9B5608F67CFB8690B64EFD640BB9C92CF154829EF5D2C7A308A310A27AD1E.pygtex
LaTeX Font Info:    Font shape `OT1/cmtt/bx/n' in size <10> not available
(Font)              Font shape `OT1/cmtt/m/n' tried instead on input line 2.
)
\openout3 = `main.pyg'.

 (_minted-main/43A2E723441141DBA4A224208597822B92CF154829EF5D2C7A308A310A27AD1E.pygtex) [3




]
\openout3 = `main.pyg'.

 (_minted-main/06AB4620321AC3C76303B006AB9E606D92CF154829EF5D2C7A308A310A27AD1E.pygtex)
\openout3 = `main.pyg'.

 (_minted-main/35F6141B2AC5C03ECE8C980217DF6FE892CF154829EF5D2C7A308A310A27AD1E.pygtex)
\openout3 = `main.pyg'.

 (_minted-main/3FB83418BC2F79DE01C8574BCA28E57392CF154829EF5D2C7A308A310A27AD1E.pygtex)
\openout3 = `main.pyg'.

 (_minted-main/F1CB30F9588A74B5275B2A233059198892CF154829EF5D2C7A308A310A27AD1E.pygtex) [4]
\openout3 = `main.pyg'.

 (_minted-main/71086F665FB67BA4C6DAB3AA97042D4692CF154829EF5D2C7A308A310A27AD1E.pygtex) [5]
\openout3 = `main.pyg'.

 (_minted-main/673B4550FA7F6AE547AB13E294933C0292CF154829EF5D2C7A308A310A27AD1E.pygtex)
\openout3 = `main.pyg'.

 (_minted-main/2C84721C74816A58324784527BA63BA092CF154829EF5D2C7A308A310A27AD1E.pygtex)) [6]
\openout2 = `ch_values.aux'.

 (ch_values.tex
Chapter 3.
\openout3 = `main.pyg'.

(_minted-main/19C854048A46E3AB12EED2221368387094FCD9D31EE402428B3268164B661369.pygtex)
\openout3 = `main.pyg'.

 (_minted-main/26157162370CBD2E607FED981AD5BB5E94FCD9D31EE402428B3268164B661369.pygtex)
\openout3 = `main.pyg'.

 (_minted-main/8E16A74274D589F108A9FE9FD88DAEAD92CF154829EF5D2C7A308A310A27AD1E.pygtex)
\openout3 = `main.pyg'.

 [7




] (_minted-main/BE14F2DA86EAF4DA673B7C3D770EC6FC94FCD9D31EE402428B3268164B661369.pygtex)
\openout3 = `main.pyg'.

 (_minted-main/60A17AAB8F6772E087E238191D33A2C694FCD9D31EE402428B3268164B661369.pygtex)
Overfull \hbox (1.72284pt too wide) in paragraph at lines 65--67
[]\OT1/cmr/m/n/10 The get-ter uses the 'Ar-ray.prototype.map' and 'Ar-ray.prototype.reduce' func-
 []

\openout3 = `main.pyg'.

(_minted-main/D5FEC2472B76F1467A453226866F032C94FCD9D31EE402428B3268164B661369.pygtex) [8]
\openout3 = `main.pyg'.

 (_minted-main/38E456D265CE5D24050C2D624BB7471194FCD9D31EE402428B3268164B661369.pygtex)
\openout3 = `main.pyg'.

 (_minted-main/668F1215FD7CEB19729E30F700BC724292CF154829EF5D2C7A308A310A27AD1E.pygtex) [9]) [10]
\openout2 = `ch_functions.aux'.

 (ch_functions.tex
Chapter 4.
\openout3 = `main.pyg'.

(_minted-main/D13064C789478BC00FC2AF7226C6668C94FCD9D31EE402428B3268164B661369.pygtex)
\openout3 = `main.pyg'.

 (_minted-main/EBC8C7A2CFA2AFB553A1D2D27425844694FCD9D31EE402428B3268164B661369.pygtex) [11




]
\openout3 = `main.pyg'.

 (_minted-main/D54EA8346F95B8722EE0422539B3644794FCD9D31EE402428B3268164B661369.pygtex)
\openout3 = `main.pyg'.

 (_minted-main/73BA2326CABFC1677A763B21C0756BA094FCD9D31EE402428B3268164B661369.pygtex)
\openout3 = `main.pyg'.

 (_minted-main/3B336BF42FD1E441BC2FD4CAAC5191B794FCD9D31EE402428B3268164B661369.pygtex) [12]
\openout3 = `main.pyg'.

 (_minted-main/B723A6EC96FC7929F36E422217A5086394FCD9D31EE402428B3268164B661369.pygtex)
\openout3 = `main.pyg'.

 (_minted-main/D8E3C411BE8A35AF4F44669A8051282E94FCD9D31EE402428B3268164B661369.pygtex) [13]
\openout3 = `main.pyg'.

 (_minted-main/6AFE5128A7BF899285CAB9D975E00A4094FCD9D31EE402428B3268164B661369.pygtex)
\openout3 = `main.pyg'.

 (_minted-main/E379A3D5D545F2DA8EDBA8A1436111AD94FCD9D31EE402428B3268164B661369.pygtex) [14]
\openout3 = `main.pyg'.

 (_minted-main/1FD6A2DC17CFA54E500DDADB8350EDC394FCD9D31EE402428B3268164B661369.pygtex)
Overfull \vbox (1.7444pt too high) detected at line 244
 []

[15]
\openout3 = `main.pyg'.

 (_minted-main/E704C4C4062303A7508EB7CE48A5477894FCD9D31EE402428B3268164B661369.pygtex)
\openout3 = `main.pyg'.

 (_minted-main/84DC16D6344E5276660D28EEDC93896B94FCD9D31EE402428B3268164B661369.pygtex)
\openout3 = `main.pyg'.

 (_minted-main/AC787E2E50FF352A58D99720F522F03294FCD9D31EE402428B3268164B661369.pygtex)) [16]
\openout2 = `ch_algorithms.aux'.

 (ch_algorithms.tex
Chapter 5.
\openout3 = `main.pyg'.

(_minted-main/B2880537B5D2DC363E925C1921B076E594FCD9D31EE402428B3268164B661369.pygtex)
\openout3 = `main.pyg'.

 (_minted-main/C138237C5E71F72411FA014EB0B9DABC94FCD9D31EE402428B3268164B661369.pygtex) [17




]
\openout3 = `main.pyg'.

runsystem(pygmentize -l ts -f latex -P commandprefix=PYG -F tokenmerge -P stripnl=False -o _minted-main/2B05939C4F5C30D0A722290032E5B1BA94FCD9D31EE402428B3268164B661369.pygtex main.pyg)...executed.

 (_minted-main/2B05939C4F5C30D0A722290032E5B1BA94FCD9D31EE402428B3268164B661369.pygtex) [18]
\openout3 = `main.pyg'.

 (_minted-main/1DEA4734683CD3FB33400AC63BFEDDB394FCD9D31EE402428B3268164B661369.pygtex)) [19]
\openout2 = `ch_testing.aux'.

 (ch_testing.tex
Chapter 6.
\openout3 = `main.pyg'.

(_minted-main/0C308D818215EB6429DF3268598332AD82CA0C42AFE0759A4F1491A6B69BC02A.pygtex)) [20




]
runsystem(del _minted-main\95DFD1314062A17E898EC831F5E702A994FCD9D31EE402428B3268164B661369.pygtex)...executed.

 (main.aux (ch_intro.aux) (ch_types_interfaces.aux) (ch_values.aux) (ch_functions.aux) (ch_algorithms.aux) (ch_testing.aux))
runsystem(del main.pyg)...executed.

 ) 
Here is how much of TeX's memory you used:
 5814 strings out of 478593
 129946 string characters out of 2844604
 448900 words of memory out of 3000000
 23778 multiletter control sequences out of 15000+600000
 475408 words of font info for 49 fonts, out of 8000000 for 9000
 1141 hyphenation exceptions out of 8191
 74i,6n,77p,535b,562s stack positions out of 5000i,500n,10000p,200000b,80000s
<C:/Users/rmora/AppData/Local/Programs/MiKTeX/fonts/type1/public/amsfonts/cm/cmbx10.pfb><C:/Users/rmora/AppData/Local/Programs/MiKTeX/fonts/type1/public/amsfonts/cm/cmbx12.pfb><C:/Users/rmora/AppData/Local/Programs/MiKTeX/fonts/type1/public/amsfonts/cm/cmex10.pfb><C:/Users/rmora/AppData/Local/Programs/MiKTeX/fonts/type1/public/amsfonts/cm/cmitt10.pfb><C:/Users/rmora/AppData/Local/Programs/MiKTeX/fonts/type1/public/amsfonts/cm/cmmi10.pfb><C:/Users/rmora/AppData/Local/Programs/MiKTeX/fonts/type1/public/amsfonts/cm/cmmi7.pfb><C:/Users/rmora/AppData/Local/Programs/MiKTeX/fonts/type1/public/amsfonts/cm/cmr10.pfb><C:/Users/rmora/AppData/Local/Programs/MiKTeX/fonts/type1/public/amsfonts/cm/cmr12.pfb><C:/Users/rmora/AppData/Local/Programs/MiKTeX/fonts/type1/public/amsfonts/cm/cmr17.pfb><C:/Users/rmora/AppData/Local/Programs/MiKTeX/fonts/type1/public/amsfonts/cm/cmsy10.pfb><C:/Users/rmora/AppData/Local/Programs/MiKTeX/fonts/type1/public/amsfonts/cm/cmti10.pfb><C:/Users/rmora/AppData/Local/Programs/MiKTeX/fonts/type1/public/amsfonts/cm/cmtt10.pfb>
Output written on main.pdf (21 pages, 200683 bytes).
PDF statistics:
 130 PDF objects out of 1000 (max. 8388607)
 0 named destinations out of 1000 (max. 500000)
 1 words of extra memory for PDF output out of 10000 (max. 10000000)

